2025-04-04 04:10:07.713058 - Received CBT.V508.FILE1046.PDS from FILE1046.XMI 
2025-04-04 04:10:07.714050 - Found $$$#DATE.txt (text/plain) in CBT.V508.FILE1046.PDS, moved to PDS/$$$#DATE
2025-04-04 04:10:07.714201 - Found $$$INDEX.txt (text/plain) in CBT.V508.FILE1046.PDS, moved to PDS/$$$INDEX
2025-04-04 04:10:07.714346 - Found $$INFO.txt (text/plain) in CBT.V508.FILE1046.PDS, moved to PDS/$$INFO
2025-04-04 04:10:07.714484 - Found $$INSTAL.txt (text/plain) in CBT.V508.FILE1046.PDS, moved to PDS/$$INSTAL
2025-04-04 04:10:07.714609 - Found $$NOTE00.txt (text/plain) in CBT.V508.FILE1046.PDS, moved to PDS/$$NOTE00
2025-04-04 04:10:07.714727 - Found @FIL1046.txt (text/plain) in CBT.V508.FILE1046.PDS, moved to PDS/@FIL1046
2025-04-04 04:10:07.714850 - Found COPYRITE.txt (text/plain) in CBT.V508.FILE1046.PDS, moved to PDS/COPYRITE
2025-04-04 04:10:07.714981 - Found DISCLAIM.txt (text/plain) in CBT.V508.FILE1046.PDS, moved to PDS/DISCLAIM
2025-04-04 04:10:07.715094 - Found ISPMLIB.xmi (application/xmit) in CBT.V508.FILE1046.PDS, moved to PDS/ISPMLIB.xmi
2025-04-04 04:10:07.724014 - Received ABBYDALE.GENPREP.ISPMLIB from ISPMLIB.xmi 
2025-04-04 04:10:07.724447 - Found GPREP00.txt (text/plain) in ABBYDALE.GENPREP.ISPMLIB, moved to ISPMLIB/GPREP00
2025-04-04 04:10:07.724799 - Found ISPPLIB.xmi (application/xmit) in CBT.V508.FILE1046.PDS, moved to PDS/ISPPLIB.xmi
2025-04-04 04:10:07.728840 - Received ABBYDALE.GENPREP.ISPPLIB from ISPPLIB.xmi 
2025-04-04 04:10:07.729181 - Found ASLGPP01.bin (application/octet-stream) in ABBYDALE.GENPREP.ISPPLIB, moved to ISPPLIB/ASLGPP01
2025-04-04 04:10:07.729475 - Found LOADLIB.xmi (application/xmit) in CBT.V508.FILE1046.PDS, moved to PDS/LOADLIB.xmi
2025-04-04 04:10:07.733162 - Received ABBYDALE.GENPREP.LOADLIB from LOADLIB.xmi 
2025-04-04 04:10:07.733488 - Found UCBSUBR.bin (application/octet-stream) in ABBYDALE.GENPREP.LOADLIB, moved to LOADLIB/UCBSUBR
2025-04-04 04:10:07.733979 - Found PDF.pdf (application/pdf) in CBT.V508.FILE1046.PDS, moved to docs/PDF.pdf
2025-04-04 04:10:07.734105 - Found README.txt (text/plain) in CBT.V508.FILE1046.PDS, moved to PDS/README
2025-04-04 04:10:07.734239 - Found REXX.xmi (application/xmit) in CBT.V508.FILE1046.PDS, moved to PDS/REXX.xmi
2025-04-04 04:10:07.826808 - Received ABBYDALE.GENPREP.REXX from REXX.xmi 
2025-04-04 04:10:07.827526 - Found $$$INDEX.txt (text/plain) in ABBYDALE.GENPREP.REXX, moved to REXX/$$$INDEX
2025-04-04 04:10:07.827673 - Found CHECKDSN.rexx (text/plain) in ABBYDALE.GENPREP.REXX, moved to REXX/CHECKDSN
2025-04-04 04:10:07.827859 - Found FINDMOD.rexx (text/plain) in ABBYDALE.GENPREP.REXX, moved to REXX/FINDMOD
2025-04-04 04:10:07.828022 - Found GENPREP.rexx (text/plain) in ABBYDALE.GENPREP.REXX, moved to REXX/GENPREP
2025-04-04 04:10:07.828137 - Found MEMMATCH.rexx (text/plain) in ABBYDALE.GENPREP.REXX, moved to REXX/MEMMATCH
2025-04-04 04:10:07.828286 - Found VALIDVOL.rexx (text/plain) in ABBYDALE.GENPREP.REXX, moved to REXX/VALIDVOL
2025-04-04 04:10:07.828787 - Found UCBSUBR.txt (text/plain) in CBT.V508.FILE1046.PDS, moved to PDS/UCBSUBR
2025-04-04 04:10:07.828914 - Found UNPACK.rexx (text/plain) in CBT.V508.FILE1046.PDS, moved to PDS/UNPACK
